# JRE version: Java(TM) SE Runtime Environment (13.0.2+8) (build 13.0.2+8)
# Java VM: Java HotSpot(TM) 64-Bit Server VM (13.0.2+8, mixed mode, sharing, tiered, compressed oops, g1 gc, windows-amd64)
Heap:
 garbage-first heap   total 75776K, used 50832K [0x00000000c1a00000, 0x0000000100000000)
  region size 1024K, 31 young (31744K), 4 survivors (4096K)
 Metaspace       used 39101K, capacity 40515K, committed 40624K, reserved 1083392K
  class space    used 5397K, capacity 6064K, committed 6064K, reserved 1048576K
GC Heap History (20 events):
Event: 1.440 GC heap before
{Heap before GC invocations=2 (full 0):
 garbage-first heap   total 65536K, used 15829K [0x00000000c1a00000, 0x0000000100000000)
  region size 1024K, 9 young (9216K), 4 survivors (4096K)
 Metaspace       used 4133K, capacity 6548K, committed 6784K, reserved 1056768K
  class space    used 494K, capacity 788K, committed 896K, reserved 1048576K
}
Event: 1.447 GC heap after
{Heap after GC invocations=3 (full 0):
 garbage-first heap   total 65536K, used 11943K [0x00000000c1a00000, 0x0000000100000000)
  region size 1024K, 2 young (2048K), 2 survivors (2048K)
 Metaspace       used 4133K, capacity 6548K, committed 6784K, reserved 1056768K
  class space    used 494K, capacity 788K, committed 896K, reserved 1048576K
}
Event: 1.794 GC heap before
{Heap before GC invocations=3 (full 0):
 garbage-first heap   total 65536K, used 34471K [0x00000000c1a00000, 0x0000000100000000)
  region size 1024K, 19 young (19456K), 2 survivors (2048K)
 Metaspace       used 7785K, capacity 8640K, committed 8832K, reserved 1056768K
  class space    used 758K, capacity 887K, committed 896K, reserved 1048576K
}
Event: 1.801 GC heap after
{Heap after GC invocations=4 (full 0):
 garbage-first heap   total 65536K, used 13840K [0x00000000c1a00000, 0x0000000100000000)
  region size 1024K, 3 young (3072K), 3 survivors (3072K)
 Metaspace       used 7785K, capacity 8640K, committed 8832K, reserved 1056768K
  class space    used 758K, capacity 887K, committed 896K, reserved 1048576K
}
Event: 2.676 GC heap before
{Heap before GC invocations=4 (full 0):
 garbage-first heap   total 65536K, used 33296K [0x00000000c1a00000, 0x0000000100000000)
  region size 1024K, 23 young (23552K), 3 survivors (3072K)
 Metaspace       used 12267K, capacity 12661K, committed 12800K, reserved 1060864K
  class space    used 1254K, capacity 1411K, committed 1536K, reserved 1048576K
}
Event: 2.698 GC heap after
{Heap after GC invocations=5 (full 0):
 garbage-first heap   total 78848K, used 17008K [0x00000000c1a00000, 0x0000000100000000)
  region size 1024K, 3 young (3072K), 3 survivors (3072K)
 Metaspace       used 12267K, capacity 12661K, committed 12800K, reserved 1060864K
  class space    used 1254K, capacity 1411K, committed 1536K, reserved 1048576K
}
Event: 9.867 GC heap before
{Heap before GC invocations=5 (full 0):
 garbage-first heap   total 78848K, used 40560K [0x00000000c1a00000, 0x0000000100000000)
  region size 1024K, 27 young (27648K), 3 survivors (3072K)
 Metaspace       used 16306K, capacity 16707K, committed 17024K, reserved 1064960K
  class space    used 1906K, capacity 2060K, committed 2176K, reserved 1048576K
}
Event: 9.876 GC heap after
{Heap after GC invocations=6 (full 0):
 garbage-first heap   total 78848K, used 18972K [0x00000000c1a00000, 0x0000000100000000)
  region size 1024K, 2 young (2048K), 2 survivors (2048K)
 Metaspace       used 16306K, capacity 16707K, committed 17024K, reserved 1064960K
  class space    used 1906K, capacity 2060K, committed 2176K, reserved 1048576K
}
Event: 10.258 GC heap before
{Heap before GC invocations=6 (full 0):
 garbage-first heap   total 78848K, used 43548K [0x00000000c1a00000, 0x0000000100000000)
  region size 1024K, 27 young (27648K), 2 survivors (2048K)
 Metaspace       used 20060K, capacity 20556K, committed 20736K, reserved 1067008K
  class space    used 2494K, capacity 2718K, committed 2816K, reserved 1048576K
}
Event: 10.266 GC heap after
{Heap after GC invocations=7 (full 0):
 garbage-first heap   total 78848K, used 19343K [0x00000000c1a00000, 0x0000000100000000)
  region size 1024K, 3 young (3072K), 3 survivors (3072K)
 Metaspace       used 20060K, capacity 20556K, committed 20736K, reserved 1067008K
  class space    used 2494K, capacity 2718K, committed 2816K, reserved 1048576K
}
Event: 10.397 GC heap before
{Heap before GC invocations=7 (full 0):
 garbage-first heap   total 78848K, used 25487K [0x00000000c1a00000, 0x0000000100000000)
  region size 1024K, 10 young (10240K), 3 survivors (3072K)
 Metaspace       used 20725K, capacity 21247K, committed 21296K, reserved 1067008K
  class space    used 2590K, capacity 2818K, committed 2864K, reserved 1048576K
}
Event: 10.404 GC heap after
{Heap after GC invocations=8 (full 0):
 garbage-first heap   total 78848K, used 19938K [0x00000000c1a00000, 0x0000000100000000)
  region size 1024K, 2 young (2048K), 2 survivors (2048K)
 Metaspace       used 20725K, capacity 21247K, committed 21296K, reserved 1067008K
  class space    used 2590K, capacity 2818K, committed 2864K, reserved 1048576K
}
Event: 10.928 GC heap before
{Heap before GC invocations=9 (full 0):
 garbage-first heap   total 78848K, used 48610K [0x00000000c1a00000, 0x0000000100000000)
  region size 1024K, 30 young (30720K), 2 survivors (2048K)
 Metaspace       used 24100K, capacity 25103K, committed 25136K, reserved 1071104K
  class space    used 3373K, capacity 3857K, committed 3888K, reserved 1048576K
}
Event: 10.935 GC heap after
{Heap after GC invocations=10 (full 0):
 garbage-first heap   total 78848K, used 20472K [0x00000000c1a00000, 0x0000000100000000)
  region size 1024K, 2 young (2048K), 2 survivors (2048K)
 Metaspace       used 24100K, capacity 25103K, committed 25136K, reserved 1071104K
  class space    used 3373K, capacity 3857K, committed 3888K, reserved 1048576K
}
Event: 11.511 GC heap before
{Heap before GC invocations=11 (full 0):
 garbage-first heap   total 75776K, used 56312K [0x00000000c1a00000, 0x0000000100000000)
  region size 1024K, 37 young (37888K), 2 survivors (2048K)
 Metaspace       used 27165K, capacity 28336K, committed 28464K, reserved 1073152K
  class space    used 3821K, capacity 4359K, committed 4400K, reserved 1048576K
}
Event: 11.519 GC heap after
{Heap after GC invocations=12 (full 0):
 garbage-first heap   total 75776K, used 22079K [0x00000000c1a00000, 0x0000000100000000)
  region size 1024K, 4 young (4096K), 4 survivors (4096K)
 Metaspace       used 27165K, capacity 28336K, committed 28464K, reserved 1073152K
  class space    used 3821K, capacity 4359K, committed 4400K, reserved 1048576K
}
Event: 12.147 GC heap before
{Heap before GC invocations=12 (full 0):
 garbage-first heap   total 75776K, used 54847K [0x00000000c1a00000, 0x0000000100000000)
  region size 1024K, 36 young (36864K), 4 survivors (4096K)
 Metaspace       used 32236K, capacity 33559K, committed 33840K, reserved 1077248K
  class space    used 4486K, capacity 5097K, committed 5168K, reserved 1048576K
}
Event: 12.159 GC heap after
{Heap after GC invocations=13 (full 0):
 garbage-first heap   total 75776K, used 23720K [0x00000000c1a00000, 0x0000000100000000)
  region size 1024K, 4 young (4096K), 4 survivors (4096K)
 Metaspace       used 32236K, capacity 33559K, committed 33840K, reserved 1077248K
  class space    used 4486K, capacity 5097K, committed 5168K, reserved 1048576K
}
Event: 13.466 GC heap before
{Heap before GC invocations=13 (full 0):
 garbage-first heap   total 75776K, used 56488K [0x00000000c1a00000, 0x0000000100000000)
  region size 1024K, 36 young (36864K), 4 survivors (4096K)
 Metaspace       used 37226K, capacity 38586K, committed 38832K, reserved 1083392K
  class space    used 5136K, capacity 5779K, committed 5808K, reserved 1048576K
}
Event: 13.476 GC heap after
{Heap after GC invocations=14 (full 0):
 garbage-first heap   total 75776K, used 25232K [0x00000000c1a00000, 0x0000000100000000)
  region size 1024K, 4 young (4096K), 4 survivors (4096K)
 Metaspace       used 37226K, capacity 38586K, committed 38832K, reserved 1083392K
  class space    used 5136K, capacity 5779K, committed 5808K, reserved 1048576K
}

