# JRE version: Java(TM) SE Runtime Environment (13.0.2+8) (build 13.0.2+8)
# Java VM: Java HotSpot(TM) 64-Bit Server VM (13.0.2+8, mixed mode, sharing, tiered, compressed oops, g1 gc, windows-amd64)
Heap:
 garbage-first heap   total 391168K, used 233507K [0x00000000c1a00000, 0x0000000100000000)
  region size 1024K, 181 young (185344K), 2 survivors (2048K)
 Metaspace       used 58459K, capacity 60428K, committed 60880K, reserved 1101824K
  class space    used 7923K, capacity 8812K, committed 8960K, reserved 1048576K
GC Heap History (20 events):
Event: 145669.528 GC heap before
{Heap before GC invocations=1128 (full 0):
 garbage-first heap   total 391168K, used 283832K [0x00000000c1a00000, 0x0000000100000000)
  region size 1024K, 229 young (234496K), 1 survivors (1024K)
 Metaspace       used 58251K, capacity 60315K, committed 60880K, reserved 1101824K
  class space    used 7893K, capacity 8795K, committed 8960K, reserved 1048576K
}
Event: 145669.537 GC heap after
{Heap after GC invocations=1129 (full 0):
 garbage-first heap   total 391168K, used 50397K [0x00000000c1a00000, 0x0000000100000000)
  region size 1024K, 1 young (1024K), 1 survivors (1024K)
 Metaspace       used 58251K, capacity 60315K, committed 60880K, reserved 1101824K
  class space    used 7893K, capacity 8795K, committed 8960K, reserved 1048576K
}
Event: 146518.421 GC heap before
{Heap before GC invocations=1129 (full 0):
 garbage-first heap   total 391168K, used 283869K [0x00000000c1a00000, 0x0000000100000000)
  region size 1024K, 229 young (234496K), 1 survivors (1024K)
 Metaspace       used 58252K, capacity 60315K, committed 60880K, reserved 1101824K
  class space    used 7893K, capacity 8795K, committed 8960K, reserved 1048576K
}
Event: 146518.428 GC heap after
{Heap after GC invocations=1130 (full 0):
 garbage-first heap   total 391168K, used 50596K [0x00000000c1a00000, 0x0000000100000000)
  region size 1024K, 1 young (1024K), 1 survivors (1024K)
 Metaspace       used 58252K, capacity 60315K, committed 60880K, reserved 1101824K
  class space    used 7893K, capacity 8795K, committed 8960K, reserved 1048576K
}
Event: 147047.590 GC heap before
{Heap before GC invocations=1130 (full 0):
 garbage-first heap   total 391168K, used 284068K [0x00000000c1a00000, 0x0000000100000000)
  region size 1024K, 229 young (234496K), 1 survivors (1024K)
 Metaspace       used 58252K, capacity 60315K, committed 60880K, reserved 1101824K
  class space    used 7893K, capacity 8795K, committed 8960K, reserved 1048576K
}
Event: 147047.603 GC heap after
{Heap after GC invocations=1131 (full 0):
 garbage-first heap   total 391168K, used 50550K [0x00000000c1a00000, 0x0000000100000000)
  region size 1024K, 1 young (1024K), 1 survivors (1024K)
 Metaspace       used 58252K, capacity 60315K, committed 60880K, reserved 1101824K
  class space    used 7893K, capacity 8795K, committed 8960K, reserved 1048576K
}
Event: 152158.772 GC heap before
{Heap before GC invocations=1131 (full 0):
 garbage-first heap   total 391168K, used 284022K [0x00000000c1a00000, 0x0000000100000000)
  region size 1024K, 229 young (234496K), 1 survivors (1024K)
 Metaspace       used 58258K, capacity 60315K, committed 60880K, reserved 1101824K
  class space    used 7893K, capacity 8795K, committed 8960K, reserved 1048576K
}
Event: 152158.781 GC heap after
{Heap after GC invocations=1132 (full 0):
 garbage-first heap   total 391168K, used 51227K [0x00000000c1a00000, 0x0000000100000000)
  region size 1024K, 2 young (2048K), 2 survivors (2048K)
 Metaspace       used 58258K, capacity 60315K, committed 60880K, reserved 1101824K
  class space    used 7893K, capacity 8795K, committed 8960K, reserved 1048576K
}
Event: 152161.013 GC heap before
{Heap before GC invocations=1132 (full 0):
 garbage-first heap   total 391168K, used 283675K [0x00000000c1a00000, 0x0000000100000000)
  region size 1024K, 229 young (234496K), 2 survivors (2048K)
 Metaspace       used 58258K, capacity 60315K, committed 60880K, reserved 1101824K
  class space    used 7893K, capacity 8795K, committed 8960K, reserved 1048576K
}
Event: 152161.019 GC heap after
{Heap after GC invocations=1133 (full 0):
 garbage-first heap   total 391168K, used 51280K [0x00000000c1a00000, 0x0000000100000000)
  region size 1024K, 2 young (2048K), 2 survivors (2048K)
 Metaspace       used 58258K, capacity 60315K, committed 60880K, reserved 1101824K
  class space    used 7893K, capacity 8795K, committed 8960K, reserved 1048576K
}
Event: 152162.859 GC heap before
{Heap before GC invocations=1133 (full 0):
 garbage-first heap   total 391168K, used 283728K [0x00000000c1a00000, 0x0000000100000000)
  region size 1024K, 229 young (234496K), 2 survivors (2048K)
 Metaspace       used 58258K, capacity 60315K, committed 60880K, reserved 1101824K
  class space    used 7893K, capacity 8795K, committed 8960K, reserved 1048576K
}
Event: 152162.865 GC heap after
{Heap after GC invocations=1134 (full 0):
 garbage-first heap   total 391168K, used 51287K [0x00000000c1a00000, 0x0000000100000000)
  region size 1024K, 2 young (2048K), 2 survivors (2048K)
 Metaspace       used 58258K, capacity 60315K, committed 60880K, reserved 1101824K
  class space    used 7893K, capacity 8795K, committed 8960K, reserved 1048576K
}
Event: 152164.878 GC heap before
{Heap before GC invocations=1134 (full 0):
 garbage-first heap   total 391168K, used 283735K [0x00000000c1a00000, 0x0000000100000000)
  region size 1024K, 229 young (234496K), 2 survivors (2048K)
 Metaspace       used 58258K, capacity 60315K, committed 60880K, reserved 1101824K
  class space    used 7893K, capacity 8795K, committed 8960K, reserved 1048576K
}
Event: 152164.885 GC heap after
{Heap after GC invocations=1135 (full 0):
 garbage-first heap   total 391168K, used 51237K [0x00000000c1a00000, 0x0000000100000000)
  region size 1024K, 2 young (2048K), 2 survivors (2048K)
 Metaspace       used 58258K, capacity 60315K, committed 60880K, reserved 1101824K
  class space    used 7893K, capacity 8795K, committed 8960K, reserved 1048576K
}
Event: 152166.928 GC heap before
{Heap before GC invocations=1135 (full 0):
 garbage-first heap   total 391168K, used 283685K [0x00000000c1a00000, 0x0000000100000000)
  region size 1024K, 229 young (234496K), 2 survivors (2048K)
 Metaspace       used 58258K, capacity 60315K, committed 60880K, reserved 1101824K
  class space    used 7893K, capacity 8795K, committed 8960K, reserved 1048576K
}
Event: 152166.935 GC heap after
{Heap after GC invocations=1136 (full 0):
 garbage-first heap   total 391168K, used 51281K [0x00000000c1a00000, 0x0000000100000000)
  region size 1024K, 2 young (2048K), 2 survivors (2048K)
 Metaspace       used 58258K, capacity 60315K, committed 60880K, reserved 1101824K
  class space    used 7893K, capacity 8795K, committed 8960K, reserved 1048576K
}
Event: 152169.725 GC heap before
{Heap before GC invocations=1136 (full 0):
 garbage-first heap   total 391168K, used 283729K [0x00000000c1a00000, 0x0000000100000000)
  region size 1024K, 229 young (234496K), 2 survivors (2048K)
 Metaspace       used 58258K, capacity 60315K, committed 60880K, reserved 1101824K
  class space    used 7893K, capacity 8795K, committed 8960K, reserved 1048576K
}
Event: 152169.749 GC heap after
{Heap after GC invocations=1137 (full 0):
 garbage-first heap   total 391168K, used 51229K [0x00000000c1a00000, 0x0000000100000000)
  region size 1024K, 2 young (2048K), 2 survivors (2048K)
 Metaspace       used 58258K, capacity 60315K, committed 60880K, reserved 1101824K
  class space    used 7893K, capacity 8795K, committed 8960K, reserved 1048576K
}
Event: 152173.080 GC heap before
{Heap before GC invocations=1137 (full 0):
 garbage-first heap   total 391168K, used 283677K [0x00000000c1a00000, 0x0000000100000000)
  region size 1024K, 229 young (234496K), 2 survivors (2048K)
 Metaspace       used 58258K, capacity 60315K, committed 60880K, reserved 1101824K
  class space    used 7893K, capacity 8795K, committed 8960K, reserved 1048576K
}
Event: 152173.086 GC heap after
{Heap after GC invocations=1138 (full 0):
 garbage-first heap   total 391168K, used 51235K [0x00000000c1a00000, 0x0000000100000000)
  region size 1024K, 2 young (2048K), 2 survivors (2048K)
 Metaspace       used 58258K, capacity 60315K, committed 60880K, reserved 1101824K
  class space    used 7893K, capacity 8795K, committed 8960K, reserved 1048576K
}

