# JRE version: Java(TM) SE Runtime Environment (13.0.2+8) (build 13.0.2+8)
# Java VM: Java HotSpot(TM) 64-Bit Server VM (13.0.2+8, mixed mode, sharing, tiered, compressed oops, g1 gc, windows-amd64)
Heap:
 garbage-first heap   total 65536K, used 42149K [0x00000000c1a00000, 0x0000000100000000)
  region size 1024K, 15 young (15360K), 2 survivors (2048K)
 Metaspace       used 42429K, capacity 44089K, committed 44160K, reserved 1087488K
  class space    used 5975K, capacity 6727K, committed 6784K, reserved 1048576K
GC Heap History (20 events):
Event: 67.286 GC heap before
{Heap before GC invocations=6 (full 0):
 garbage-first heap   total 65536K, used 41984K [0x00000000c1a00000, 0x0000000100000000)
  region size 1024K, 23 young (23552K), 1 survivors (1024K)
 Metaspace       used 19832K, capacity 20280K, committed 20352K, reserved 1067008K
  class space    used 2472K, capacity 2684K, committed 2688K, reserved 1048576K
}
Event: 67.292 GC heap after
{Heap after GC invocations=7 (full 0):
 garbage-first heap   total 65536K, used 19711K [0x00000000c1a00000, 0x0000000100000000)
  region size 1024K, 2 young (2048K), 2 survivors (2048K)
 Metaspace       used 19832K, capacity 20280K, committed 20352K, reserved 1067008K
  class space    used 2472K, capacity 2684K, committed 2688K, reserved 1048576K
}
Event: 67.697 GC heap before
{Heap before GC invocations=7 (full 0):
 garbage-first heap   total 65536K, used 27903K [0x00000000c1a00000, 0x0000000100000000)
  region size 1024K, 11 young (11264K), 2 survivors (2048K)
 Metaspace       used 20751K, capacity 21259K, committed 21296K, reserved 1069056K
  class space    used 2590K, capacity 2815K, committed 2816K, reserved 1048576K
}
Event: 67.704 GC heap after
{Heap after GC invocations=8 (full 0):
 garbage-first heap   total 65536K, used 20198K [0x00000000c1a00000, 0x0000000100000000)
  region size 1024K, 2 young (2048K), 2 survivors (2048K)
 Metaspace       used 20751K, capacity 21259K, committed 21296K, reserved 1069056K
  class space    used 2590K, capacity 2815K, committed 2816K, reserved 1048576K
}
Event: 70.499 GC heap before
{Heap before GC invocations=9 (full 0):
 garbage-first heap   total 65536K, used 42726K [0x00000000c1a00000, 0x0000000100000000)
  region size 1024K, 24 young (24576K), 2 survivors (2048K)
 Metaspace       used 23324K, capacity 24268K, committed 24448K, reserved 1071104K
  class space    used 3190K, capacity 3613K, committed 3712K, reserved 1048576K
}
Event: 70.517 GC heap after
{Heap after GC invocations=10 (full 0):
 garbage-first heap   total 65536K, used 20832K [0x00000000c1a00000, 0x0000000100000000)
  region size 1024K, 2 young (2048K), 2 survivors (2048K)
 Metaspace       used 23324K, capacity 24268K, committed 24448K, reserved 1071104K
  class space    used 3190K, capacity 3613K, committed 3712K, reserved 1048576K
}
Event: 76.352 GC heap before
{Heap before GC invocations=10 (full 0):
 garbage-first heap   total 65536K, used 44384K [0x00000000c1a00000, 0x0000000100000000)
  region size 1024K, 25 young (25600K), 2 survivors (2048K)
 Metaspace       used 26119K, capacity 27232K, committed 27520K, reserved 1073152K
  class space    used 3649K, capacity 4147K, committed 4224K, reserved 1048576K
}
Event: 76.370 GC heap after
{Heap after GC invocations=11 (full 0):
 garbage-first heap   total 65536K, used 20957K [0x00000000c1a00000, 0x0000000100000000)
  region size 1024K, 2 young (2048K), 2 survivors (2048K)
 Metaspace       used 26119K, capacity 27232K, committed 27520K, reserved 1073152K
  class space    used 3649K, capacity 4147K, committed 4224K, reserved 1048576K
}
Event: 77.571 GC heap before
{Heap before GC invocations=11 (full 0):
 garbage-first heap   total 65536K, used 45533K [0x00000000c1a00000, 0x0000000100000000)
  region size 1024K, 26 young (26624K), 2 survivors (2048K)
 Metaspace       used 27797K, capacity 28977K, committed 29056K, reserved 1073152K
  class space    used 3900K, capacity 4437K, committed 4480K, reserved 1048576K
}
Event: 77.582 GC heap after
{Heap after GC invocations=12 (full 0):
 garbage-first heap   total 65536K, used 22904K [0x00000000c1a00000, 0x0000000100000000)
  region size 1024K, 4 young (4096K), 4 survivors (4096K)
 Metaspace       used 27797K, capacity 28977K, committed 29056K, reserved 1073152K
  class space    used 3900K, capacity 4437K, committed 4480K, reserved 1048576K
}
Event: 82.745 GC heap before
{Heap before GC invocations=12 (full 0):
 garbage-first heap   total 65536K, used 45432K [0x00000000c1a00000, 0x0000000100000000)
  region size 1024K, 27 young (27648K), 4 survivors (4096K)
 Metaspace       used 31644K, capacity 32923K, committed 33152K, reserved 1077248K
  class space    used 4371K, capacity 4965K, committed 4992K, reserved 1048576K
}
Event: 82.772 GC heap after
{Heap after GC invocations=13 (full 0):
 garbage-first heap   total 65536K, used 24193K [0x00000000c1a00000, 0x0000000100000000)
  region size 1024K, 4 young (4096K), 4 survivors (4096K)
 Metaspace       used 31644K, capacity 32923K, committed 33152K, reserved 1077248K
  class space    used 4371K, capacity 4965K, committed 4992K, reserved 1048576K
}
Event: 90.382 GC heap before
{Heap before GC invocations=13 (full 0):
 garbage-first heap   total 65536K, used 41601K [0x00000000c1a00000, 0x0000000100000000)
  region size 1024K, 22 young (22528K), 4 survivors (4096K)
 Metaspace       used 34229K, capacity 35497K, committed 35584K, reserved 1079296K
  class space    used 4708K, capacity 5313K, committed 5376K, reserved 1048576K
}
Event: 90.405 GC heap after
{Heap after GC invocations=14 (full 0):
 garbage-first heap   total 65536K, used 25101K [0x00000000c1a00000, 0x0000000100000000)
  region size 1024K, 3 young (3072K), 3 survivors (3072K)
 Metaspace       used 34229K, capacity 35497K, committed 35584K, reserved 1079296K
  class space    used 4708K, capacity 5313K, committed 5376K, reserved 1048576K
}
Event: 93.309 GC heap before
{Heap before GC invocations=15 (full 0):
 garbage-first heap   total 65536K, used 47629K [0x00000000c1a00000, 0x0000000100000000)
  region size 1024K, 26 young (26624K), 3 survivors (3072K)
 Metaspace       used 37197K, capacity 38573K, committed 38656K, reserved 1081344K
  class space    used 5152K, capacity 5811K, committed 5888K, reserved 1048576K
}
Event: 93.314 GC heap after
{Heap after GC invocations=16 (full 0):
 garbage-first heap   total 65536K, used 25787K [0x00000000c1a00000, 0x0000000100000000)
  region size 1024K, 3 young (3072K), 3 survivors (3072K)
 Metaspace       used 37197K, capacity 38573K, committed 38656K, reserved 1081344K
  class space    used 5152K, capacity 5811K, committed 5888K, reserved 1048576K
}
Event: 103.614 GC heap before
{Heap before GC invocations=16 (full 0):
 garbage-first heap   total 65536K, used 49339K [0x00000000c1a00000, 0x0000000100000000)
  region size 1024K, 27 young (27648K), 3 survivors (3072K)
 Metaspace       used 38949K, capacity 40403K, committed 40704K, reserved 1083392K
  class space    used 5395K, capacity 6064K, committed 6144K, reserved 1048576K
}
Event: 103.620 GC heap after
{Heap after GC invocations=17 (full 0):
 garbage-first heap   total 65536K, used 27972K [0x00000000c1a00000, 0x0000000100000000)
  region size 1024K, 4 young (4096K), 4 survivors (4096K)
 Metaspace       used 38949K, capacity 40403K, committed 40704K, reserved 1083392K
  class space    used 5395K, capacity 6064K, committed 6144K, reserved 1048576K
}
Event: 107.896 GC heap before
{Heap before GC invocations=17 (full 0):
 garbage-first heap   total 65536K, used 51524K [0x00000000c1a00000, 0x0000000100000000)
  region size 1024K, 27 young (27648K), 4 survivors (4096K)
 Metaspace       used 41144K, capacity 42627K, committed 42880K, reserved 1085440K
  class space    used 5790K, capacity 6466K, committed 6528K, reserved 1048576K
}
Event: 107.902 GC heap after
{Heap after GC invocations=18 (full 0):
 garbage-first heap   total 65536K, used 29861K [0x00000000c1a00000, 0x0000000100000000)
  region size 1024K, 2 young (2048K), 2 survivors (2048K)
 Metaspace       used 41144K, capacity 42627K, committed 42880K, reserved 1085440K
  class space    used 5790K, capacity 6466K, committed 6528K, reserved 1048576K
}

