# JRE version: Java(TM) SE Runtime Environment (13.0.2+8) (build 13.0.2+8)
# Java VM: Java HotSpot(TM) 64-Bit Server VM (13.0.2+8, mixed mode, sharing, tiered, compressed oops, g1 gc, windows-amd64)
Heap:
 garbage-first heap   total 75776K, used 59752K [0x00000000c1a00000, 0x0000000100000000)
  region size 1024K, 20 young (20480K), 1 survivors (1024K)
 Metaspace       used 58391K, capacity 60619K, committed 60744K, reserved 1101824K
  class space    used 8013K, capacity 8967K, committed 9088K, reserved 1048576K
GC Heap History (20 events):
Event: 49.076 GC heap before
{Heap before GC invocations=24 (full 0):
 garbage-first heap   total 75776K, used 54123K [0x00000000c1a00000, 0x0000000100000000)
  region size 1024K, 17 young (17408K), 1 survivors (1024K)
 Metaspace       used 49764K, capacity 51710K, committed 51784K, reserved 1093632K
  class space    used 6909K, capacity 7753K, committed 7808K, reserved 1048576K
}
Event: 49.079 GC heap after
{Heap after GC invocations=25 (full 0):
 garbage-first heap   total 75776K, used 39197K [0x00000000c1a00000, 0x0000000100000000)
  region size 1024K, 1 young (1024K), 1 survivors (1024K)
 Metaspace       used 49764K, capacity 51710K, committed 51784K, reserved 1093632K
  class space    used 6909K, capacity 7753K, committed 7808K, reserved 1048576K
}
Event: 50.676 GC heap before
{Heap before GC invocations=26 (full 0):
 garbage-first heap   total 75776K, used 56605K [0x00000000c1a00000, 0x0000000100000000)
  region size 1024K, 18 young (18432K), 1 survivors (1024K)
 Metaspace       used 52399K, capacity 54350K, committed 54472K, reserved 1095680K
  class space    used 7277K, capacity 8144K, committed 8192K, reserved 1048576K
}
Event: 50.681 GC heap after
{Heap after GC invocations=27 (full 0):
 garbage-first heap   total 75776K, used 40197K [0x00000000c1a00000, 0x0000000100000000)
  region size 1024K, 2 young (2048K), 2 survivors (2048K)
 Metaspace       used 52399K, capacity 54350K, committed 54472K, reserved 1095680K
  class space    used 7277K, capacity 8144K, committed 8192K, reserved 1048576K
}
Event: 50.902 GC heap before
{Heap before GC invocations=27 (full 0):
 garbage-first heap   total 75776K, used 41221K [0x00000000c1a00000, 0x0000000100000000)
  region size 1024K, 3 young (3072K), 2 survivors (2048K)
 Metaspace       used 52537K, capacity 54478K, committed 54728K, reserved 1095680K
  class space    used 7285K, capacity 8144K, committed 8192K, reserved 1048576K
}
Event: 50.927 GC heap after
{Heap after GC invocations=28 (full 0):
 garbage-first heap   total 75776K, used 36559K [0x00000000c1a00000, 0x0000000100000000)
  region size 1024K, 1 young (1024K), 1 survivors (1024K)
 Metaspace       used 52537K, capacity 54478K, committed 54728K, reserved 1095680K
  class space    used 7285K, capacity 8144K, committed 8192K, reserved 1048576K
}
Event: 53.626 GC heap before
{Heap before GC invocations=28 (full 0):
 garbage-first heap   total 75776K, used 53967K [0x00000000c1a00000, 0x0000000100000000)
  region size 1024K, 19 young (19456K), 1 survivors (1024K)
 Metaspace       used 54564K, capacity 56608K, committed 56904K, reserved 1097728K
  class space    used 7571K, capacity 8467K, committed 8576K, reserved 1048576K
}
Event: 53.632 GC heap after
{Heap after GC invocations=29 (full 0):
 garbage-first heap   total 75776K, used 37626K [0x00000000c1a00000, 0x0000000100000000)
  region size 1024K, 2 young (2048K), 2 survivors (2048K)
 Metaspace       used 54564K, capacity 56608K, committed 56904K, reserved 1097728K
  class space    used 7571K, capacity 8467K, committed 8576K, reserved 1048576K
}
Event: 54.675 GC heap before
{Heap before GC invocations=30 (full 0):
 garbage-first heap   total 75776K, used 56058K [0x00000000c1a00000, 0x0000000100000000)
  region size 1024K, 20 young (20480K), 2 survivors (2048K)
 Metaspace       used 55915K, capacity 58064K, committed 58312K, reserved 1099776K
  class space    used 7757K, capacity 8693K, committed 8704K, reserved 1048576K
}
Event: 54.682 GC heap after
{Heap after GC invocations=31 (full 0):
 garbage-first heap   total 75776K, used 39811K [0x00000000c1a00000, 0x0000000100000000)
  region size 1024K, 3 young (3072K), 3 survivors (3072K)
 Metaspace       used 55915K, capacity 58064K, committed 58312K, reserved 1099776K
  class space    used 7757K, capacity 8693K, committed 8704K, reserved 1048576K
}
Event: 68.092 GC heap before
{Heap before GC invocations=31 (full 0):
 garbage-first heap   total 75776K, used 57219K [0x00000000c1a00000, 0x0000000100000000)
  region size 1024K, 21 young (21504K), 3 survivors (3072K)
 Metaspace       used 57752K, capacity 59887K, committed 60104K, reserved 1099776K
  class space    used 7942K, capacity 8873K, committed 8960K, reserved 1048576K
}
Event: 68.102 GC heap after
{Heap after GC invocations=32 (full 0):
 garbage-first heap   total 75776K, used 42432K [0x00000000c1a00000, 0x0000000100000000)
  region size 1024K, 3 young (3072K), 3 survivors (3072K)
 Metaspace       used 57752K, capacity 59887K, committed 60104K, reserved 1099776K
  class space    used 7942K, capacity 8873K, committed 8960K, reserved 1048576K
}
Event: 106.757 GC heap before
{Heap before GC invocations=33 (full 0):
 garbage-first heap   total 75776K, used 59840K [0x00000000c1a00000, 0x0000000100000000)
  region size 1024K, 20 young (20480K), 3 survivors (3072K)
 Metaspace       used 57906K, capacity 60065K, committed 60360K, reserved 1101824K
  class space    used 7952K, capacity 8910K, committed 8960K, reserved 1048576K
}
Event: 106.772 GC heap after
{Heap after GC invocations=34 (full 0):
 garbage-first heap   total 75776K, used 42756K [0x00000000c1a00000, 0x0000000100000000)
  region size 1024K, 1 young (1024K), 1 survivors (1024K)
 Metaspace       used 57906K, capacity 60065K, committed 60360K, reserved 1101824K
  class space    used 7952K, capacity 8910K, committed 8960K, reserved 1048576K
}
Event: 162.573 GC heap before
{Heap before GC invocations=34 (full 0):
 garbage-first heap   total 75776K, used 60164K [0x00000000c1a00000, 0x0000000100000000)
  region size 1024K, 18 young (18432K), 1 survivors (1024K)
 Metaspace       used 57957K, capacity 60138K, committed 60360K, reserved 1101824K
  class space    used 7952K, capacity 8910K, committed 8960K, reserved 1048576K
}
Event: 162.576 GC heap after
{Heap after GC invocations=35 (full 0):
 garbage-first heap   total 75776K, used 42415K [0x00000000c1a00000, 0x0000000100000000)
  region size 1024K, 1 young (1024K), 1 survivors (1024K)
 Metaspace       used 57957K, capacity 60138K, committed 60360K, reserved 1101824K
  class space    used 7952K, capacity 8910K, committed 8960K, reserved 1048576K
}
Event: 222.466 GC heap before
{Heap before GC invocations=36 (full 0):
 garbage-first heap   total 75776K, used 59823K [0x00000000c1a00000, 0x0000000100000000)
  region size 1024K, 18 young (18432K), 1 survivors (1024K)
 Metaspace       used 57996K, capacity 60203K, committed 60360K, reserved 1101824K
  class space    used 7952K, capacity 8910K, committed 8960K, reserved 1048576K
}
Event: 222.468 GC heap after
{Heap after GC invocations=37 (full 0):
 garbage-first heap   total 75776K, used 42367K [0x00000000c1a00000, 0x0000000100000000)
  region size 1024K, 1 young (1024K), 1 survivors (1024K)
 Metaspace       used 57996K, capacity 60203K, committed 60360K, reserved 1101824K
  class space    used 7952K, capacity 8910K, committed 8960K, reserved 1048576K
}
Event: 269.263 GC heap before
{Heap before GC invocations=37 (full 0):
 garbage-first heap   total 75776K, used 60799K [0x00000000c1a00000, 0x0000000100000000)
  region size 1024K, 19 young (19456K), 1 survivors (1024K)
 Metaspace       used 58031K, capacity 60206K, committed 60360K, reserved 1101824K
  class space    used 7952K, capacity 8910K, committed 8960K, reserved 1048576K
}
Event: 269.265 GC heap after
{Heap after GC invocations=38 (full 0):
 garbage-first heap   total 75776K, used 42344K [0x00000000c1a00000, 0x0000000100000000)
  region size 1024K, 1 young (1024K), 1 survivors (1024K)
 Metaspace       used 58031K, capacity 60206K, committed 60360K, reserved 1101824K
  class space    used 7952K, capacity 8910K, committed 8960K, reserved 1048576K
}

