# JRE version: Java(TM) SE Runtime Environment (13.0.2+8) (build 13.0.2+8)
# Java VM: Java HotSpot(TM) 64-Bit Server VM (13.0.2+8, mixed mode, sharing, tiered, compressed oops, g1 gc, windows-amd64)
Heap:
 garbage-first heap   total 65536K, used 38254K [0x00000000c1a00000, 0x0000000100000000)
  region size 1024K, 20 young (20480K), 4 survivors (4096K)
 Metaspace       used 33967K, capacity 35301K, committed 35584K, reserved 1079296K
  class space    used 4697K, capacity 5313K, committed 5376K, reserved 1048576K
GC Heap History (20 events):
Event: 47.298 GC heap before
{Heap before GC invocations=2 (full 0):
 garbage-first heap   total 65536K, used 28396K [0x00000000c1a00000, 0x0000000100000000)
  region size 1024K, 22 young (22528K), 2 survivors (2048K)
 Metaspace       used 5701K, capacity 6618K, committed 6784K, reserved 1056768K
  class space    used 646K, capacity 790K, committed 896K, reserved 1048576K
}
Event: 47.313 GC heap after
{Heap after GC invocations=3 (full 0):
 garbage-first heap   total 65536K, used 11968K [0x00000000c1a00000, 0x0000000100000000)
  region size 1024K, 3 young (3072K), 3 survivors (3072K)
 Metaspace       used 5701K, capacity 6618K, committed 6784K, reserved 1056768K
  class space    used 646K, capacity 790K, committed 896K, reserved 1048576K
}
Event: 50.757 GC heap before
{Heap before GC invocations=3 (full 0):
 garbage-first heap   total 65536K, used 37568K [0x00000000c1a00000, 0x0000000100000000)
  region size 1024K, 24 young (24576K), 3 survivors (3072K)
 Metaspace       used 10237K, capacity 11078K, committed 11136K, reserved 1058816K
  class space    used 1008K, capacity 1145K, committed 1152K, reserved 1048576K
}
Event: 50.766 GC heap after
{Heap after GC invocations=4 (full 0):
 garbage-first heap   total 65536K, used 14243K [0x00000000c1a00000, 0x0000000100000000)
  region size 1024K, 3 young (3072K), 3 survivors (3072K)
 Metaspace       used 10237K, capacity 11078K, committed 11136K, reserved 1058816K
  class space    used 1008K, capacity 1145K, committed 1152K, reserved 1048576K
}
Event: 55.609 GC heap before
{Heap before GC invocations=4 (full 0):
 garbage-first heap   total 65536K, used 36771K [0x00000000c1a00000, 0x0000000100000000)
  region size 1024K, 25 young (25600K), 3 survivors (3072K)
 Metaspace       used 13236K, capacity 13597K, committed 13824K, reserved 1060864K
  class space    used 1386K, capacity 1528K, committed 1536K, reserved 1048576K
}
Event: 55.637 GC heap after
{Heap after GC invocations=5 (full 0):
 garbage-first heap   total 65536K, used 18281K [0x00000000c1a00000, 0x0000000100000000)
  region size 1024K, 4 young (4096K), 4 survivors (4096K)
 Metaspace       used 13236K, capacity 13597K, committed 13824K, reserved 1060864K
  class space    used 1386K, capacity 1528K, committed 1536K, reserved 1048576K
}
Event: 59.745 GC heap before
{Heap before GC invocations=5 (full 0):
 garbage-first heap   total 65536K, used 39785K [0x00000000c1a00000, 0x0000000100000000)
  region size 1024K, 25 young (25600K), 4 survivors (4096K)
 Metaspace       used 17033K, capacity 17483K, committed 17664K, reserved 1064960K
  class space    used 2127K, capacity 2299K, committed 2304K, reserved 1048576K
}
Event: 59.778 GC heap after
{Heap after GC invocations=6 (full 0):
 garbage-first heap   total 65536K, used 19323K [0x00000000c1a00000, 0x0000000100000000)
  region size 1024K, 1 young (1024K), 1 survivors (1024K)
 Metaspace       used 17033K, capacity 17483K, committed 17664K, reserved 1064960K
  class space    used 2127K, capacity 2299K, committed 2304K, reserved 1048576K
}
Event: 62.707 GC heap before
{Heap before GC invocations=6 (full 0):
 garbage-first heap   total 65536K, used 41851K [0x00000000c1a00000, 0x0000000100000000)
  region size 1024K, 23 young (23552K), 1 survivors (1024K)
 Metaspace       used 19911K, capacity 20407K, committed 20608K, reserved 1067008K
  class space    used 2485K, capacity 2686K, committed 2688K, reserved 1048576K
}
Event: 62.714 GC heap after
{Heap after GC invocations=7 (full 0):
 garbage-first heap   total 65536K, used 19612K [0x00000000c1a00000, 0x0000000100000000)
  region size 1024K, 2 young (2048K), 2 survivors (2048K)
 Metaspace       used 19911K, capacity 20407K, committed 20608K, reserved 1067008K
  class space    used 2485K, capacity 2686K, committed 2688K, reserved 1048576K
}
Event: 62.996 GC heap before
{Heap before GC invocations=7 (full 0):
 garbage-first heap   total 65536K, used 23708K [0x00000000c1a00000, 0x0000000100000000)
  region size 1024K, 8 young (8192K), 2 survivors (2048K)
 Metaspace       used 20715K, capacity 21209K, committed 21248K, reserved 1067008K
  class space    used 2578K, capacity 2803K, committed 2816K, reserved 1048576K
}
Event: 63.000 GC heap after
{Heap after GC invocations=8 (full 0):
 garbage-first heap   total 65536K, used 19951K [0x00000000c1a00000, 0x0000000100000000)
  region size 1024K, 2 young (2048K), 2 survivors (2048K)
 Metaspace       used 20715K, capacity 21209K, committed 21248K, reserved 1067008K
  class space    used 2578K, capacity 2803K, committed 2816K, reserved 1048576K
}
Event: 64.793 GC heap before
{Heap before GC invocations=9 (full 0):
 garbage-first heap   total 65536K, used 44527K [0x00000000c1a00000, 0x0000000100000000)
  region size 1024K, 26 young (26624K), 2 survivors (2048K)
 Metaspace       used 23361K, capacity 24339K, committed 24576K, reserved 1071104K
  class space    used 3266K, capacity 3723K, committed 3840K, reserved 1048576K
}
Event: 64.800 GC heap after
{Heap after GC invocations=10 (full 0):
 garbage-first heap   total 65536K, used 20298K [0x00000000c1a00000, 0x0000000100000000)
  region size 1024K, 2 young (2048K), 2 survivors (2048K)
 Metaspace       used 23361K, capacity 24339K, committed 24576K, reserved 1071104K
  class space    used 3266K, capacity 3723K, committed 3840K, reserved 1048576K
}
Event: 69.324 GC heap before
{Heap before GC invocations=10 (full 0):
 garbage-first heap   total 65536K, used 43850K [0x00000000c1a00000, 0x0000000100000000)
  region size 1024K, 26 young (26624K), 2 survivors (2048K)
 Metaspace       used 26265K, capacity 27319K, committed 27520K, reserved 1073152K
  class space    used 3693K, capacity 4184K, committed 4224K, reserved 1048576K
}
Event: 69.330 GC heap after
{Heap after GC invocations=11 (full 0):
 garbage-first heap   total 65536K, used 20702K [0x00000000c1a00000, 0x0000000100000000)
  region size 1024K, 3 young (3072K), 3 survivors (3072K)
 Metaspace       used 26265K, capacity 27319K, committed 27520K, reserved 1073152K
  class space    used 3693K, capacity 4184K, committed 4224K, reserved 1048576K
}
Event: 70.105 GC heap before
{Heap before GC invocations=11 (full 0):
 garbage-first heap   total 65536K, used 45278K [0x00000000c1a00000, 0x0000000100000000)
  region size 1024K, 27 young (27648K), 3 survivors (3072K)
 Metaspace       used 28328K, capacity 29457K, committed 29568K, reserved 1075200K
  class space    used 3946K, capacity 4471K, committed 4480K, reserved 1048576K
}
Event: 70.115 GC heap after
{Heap after GC invocations=12 (full 0):
 garbage-first heap   total 65536K, used 22717K [0x00000000c1a00000, 0x0000000100000000)
  region size 1024K, 4 young (4096K), 4 survivors (4096K)
 Metaspace       used 28328K, capacity 29457K, committed 29568K, reserved 1075200K
  class space    used 3946K, capacity 4471K, committed 4480K, reserved 1048576K
}
Event: 73.409 GC heap before
{Heap before GC invocations=12 (full 0):
 garbage-first heap   total 65536K, used 46269K [0x00000000c1a00000, 0x0000000100000000)
  region size 1024K, 28 young (28672K), 4 survivors (4096K)
 Metaspace       used 31786K, capacity 33084K, committed 33280K, reserved 1077248K
  class space    used 4414K, capacity 4999K, committed 5120K, reserved 1048576K
}
Event: 73.429 GC heap after
{Heap after GC invocations=13 (full 0):
 garbage-first heap   total 65536K, used 23918K [0x00000000c1a00000, 0x0000000100000000)
  region size 1024K, 4 young (4096K), 4 survivors (4096K)
 Metaspace       used 31786K, capacity 33084K, committed 33280K, reserved 1077248K
  class space    used 4414K, capacity 4999K, committed 5120K, reserved 1048576K
}

